<?xml version="1.0" encoding="UTF-8"?>
<testng-results skipped="0" failed="0" total="1" passed="1">
  <reporter-output>
  </reporter-output>
  <suite name="Suite" duration-ms="2612" started-at="2020-09-24T14:16:04Z" finished-at="2020-09-24T14:16:06Z">
    <groups>
      <group name="google">
        <method signature="GoogleApiTest.googleApiTest()[pri:0, instance:com.fluentWait.test.GoogleApiTest@5d11346a]" name="googleApiTest" class="com.fluentWait.test.GoogleApiTest"/>
      </group> <!-- google -->
      <group name="demo">
        <method signature="GoogleApiTest.googleApiTest()[pri:0, instance:com.fluentWait.test.GoogleApiTest@5d11346a]" name="googleApiTest" class="com.fluentWait.test.GoogleApiTest"/>
      </group> <!-- demo -->
    </groups>
    <test name="Test" duration-ms="2612" started-at="2020-09-24T14:16:04Z" finished-at="2020-09-24T14:16:06Z">
      <class name="com.fluentWait.test.GoogleApiTest">
        <test-method status="PASS" signature="googleApiTest()[pri:0, instance:com.fluentWait.test.GoogleApiTest@5d11346a]" name="googleApiTest" duration-ms="2602" started-at="2020-09-24T20:16:04Z" finished-at="2020-09-24T20:16:06Z">
          <reporter-output>
          </reporter-output>
        </test-method> <!-- googleApiTest -->
      </class> <!-- com.fluentWait.test.GoogleApiTest -->
    </test> <!-- Test -->
  </suite> <!-- Suite -->
</testng-results>
