<?xml version="1.0" encoding="UTF-8"?>
<testng-results skipped="0" failed="0" total="1" passed="1">
  <reporter-output>
  </reporter-output>
  <suite name="com.fluentWait.test.GoogleApiTest" duration-ms="2512" started-at="2020-09-24T13:15:26Z" finished-at="2020-09-24T13:15:29Z">
    <groups>
      <group name="google">
        <method signature="GoogleApiTest.googleApiTest()[pri:0, instance:com.fluentWait.test.GoogleApiTest@1d251891]" name="googleApiTest" class="com.fluentWait.test.GoogleApiTest"/>
      </group> <!-- google -->
      <group name="demo">
        <method signature="GoogleApiTest.googleApiTest()[pri:0, instance:com.fluentWait.test.GoogleApiTest@1d251891]" name="googleApiTest" class="com.fluentWait.test.GoogleApiTest"/>
      </group> <!-- demo -->
    </groups>
    <test name="Command line test" duration-ms="2512" started-at="2020-09-24T13:15:26Z" finished-at="2020-09-24T13:15:29Z">
      <class name="com.fluentWait.test.GoogleApiTest">
        <test-method status="PASS" signature="googleApiTest()[pri:0, instance:com.fluentWait.test.GoogleApiTest@1d251891]" name="googleApiTest" duration-ms="2502" started-at="2020-09-24T19:15:26Z" finished-at="2020-09-24T19:15:29Z">
          <reporter-output>
          </reporter-output>
        </test-method> <!-- googleApiTest -->
      </class> <!-- com.fluentWait.test.GoogleApiTest -->
    </test> <!-- Command line test -->
  </suite> <!-- com.fluentWait.test.GoogleApiTest -->
</testng-results>
