<?xml version="1.0" encoding="UTF-8"?>
<testng-results skipped="0" failed="0" total="1" passed="1">
  <reporter-output>
  </reporter-output>
  <suite name="Default suite" duration-ms="2173" started-at="2020-09-23T12:41:38Z" finished-at="2020-09-23T12:41:40Z">
    <groups>
      <group name="google">
        <method signature="GoogleApiTest.googleApiTest()[pri:0, instance:com.fluentWait.test.GoogleApiTest@6279cee3]" name="googleApiTest" class="com.fluentWait.test.GoogleApiTest"/>
      </group> <!-- google -->
      <group name="demo">
        <method signature="GoogleApiTest.googleApiTest()[pri:0, instance:com.fluentWait.test.GoogleApiTest@6279cee3]" name="googleApiTest" class="com.fluentWait.test.GoogleApiTest"/>
      </group> <!-- demo -->
    </groups>
    <test name="Default test" duration-ms="2173" started-at="2020-09-23T12:41:38Z" finished-at="2020-09-23T12:41:40Z">
      <class name="com.fluentWait.test.GoogleApiTest">
        <test-method status="PASS" signature="googleApiTest()[pri:0, instance:com.fluentWait.test.GoogleApiTest@6279cee3]" name="googleApiTest" duration-ms="2159" started-at="2020-09-23T18:41:38Z" finished-at="2020-09-23T18:41:40Z">
          <reporter-output>
          </reporter-output>
        </test-method> <!-- googleApiTest -->
      </class> <!-- com.fluentWait.test.GoogleApiTest -->
    </test> <!-- Default test -->
  </suite> <!-- Default suite -->
</testng-results>
